[debug] [2023-08-26T12:42:41.518Z] ----------------------------------------------------------------------
[debug] [2023-08-26T12:42:41.519Z] Command:       /opt/homebrew/Cellar/node/20.5.1/bin/node /opt/homebrew/bin/firebase init
[debug] [2023-08-26T12:42:41.520Z] CLI Version:   12.5.2
[debug] [2023-08-26T12:42:41.520Z] Platform:      darwin
[debug] [2023-08-26T12:42:41.520Z] Node Version:  v20.5.1
[debug] [2023-08-26T12:42:41.520Z] Time:          Sat Aug 26 2023 18:12:41 GMT+0530 (India Standard Time)
[debug] [2023-08-26T12:42:41.520Z] ----------------------------------------------------------------------
[debug] 
[debug] [2023-08-26T12:42:41.563Z] > command requires scopes: ["email","openid","https://www.googleapis.com/auth/cloudplatformprojects.readonly","https://www.googleapis.com/auth/firebase","https://www.googleapis.com/auth/cloud-platform"]
[debug] [2023-08-26T12:42:41.563Z] > authorizing via signed-in user (imsudhirpawar@gmail.com)
[info] 
     ######## #### ########  ######## ########     ###     ######  ########
     ##        ##  ##     ## ##       ##     ##  ##   ##  ##       ##
     ######    ##  ########  ######   ########  #########  ######  ######
     ##        ##  ##    ##  ##       ##     ## ##     ##       ## ##
     ##       #### ##     ## ######## ########  ##     ##  ######  ########

You're about to initialize a Firebase project in this directory:

  /Users/sudhirpawar/Documents/Projects/ShreyaEnterprise/shreay-react

Before we get started, keep in mind:

  * You are initializing within an existing Firebase project directory

[info] 
=== Project Setup
[info] 
[info] First, let's associate this project directory with a Firebase project.
[info] You can create multiple project aliases by running firebase use --add, 
[info] but for now we'll just set up a default project.
[info] 
[debug] [2023-08-26T12:42:45.740Z] Using project from CLI flag: reactshreyaenterprises
[debug] [2023-08-26T12:42:45.741Z] >>> [apiv2][query] GET https://firebase.googleapis.com/v1beta1/projects/reactshreyaenterprises [none]
[debug] [2023-08-26T12:42:46.243Z] <<< [apiv2][status] GET https://firebase.googleapis.com/v1beta1/projects/reactshreyaenterprises 200
[debug] [2023-08-26T12:42:46.244Z] <<< [apiv2][body] GET https://firebase.googleapis.com/v1beta1/projects/reactshreyaenterprises {"projectId":"reactshreyaenterprises","projectNumber":"205743182682","displayName":"reactShreyaEnterPrises","name":"projects/reactshreyaenterprises","resources":{"hostingSite":"reactshreyaenterprises","realtimeDatabaseInstance":"reactshreyaenterprises-default-rtdb"},"state":"ACTIVE","etag":"1_1936207a-1962-4a97-9ca7-d91b9494e72e"}
[info] i  Using project reactshreyaenterprises (reactShreyaEnterPrises) 
[info] 
=== Hosting Setup
[info] 
[info] Your public directory is the folder (relative to your project directory) that
[info] will contain Hosting assets to be uploaded with firebase deploy. If you
[info] have a build process for your assets, use your build's output directory.
[info] 
[debug] [2023-08-26T12:43:06.801Z] >>> [apiv2][query] GET https://www.gstatic.com/firebasejs/releases.json [none]
[debug] [2023-08-26T12:43:06.947Z] <<< [apiv2][status] GET https://www.gstatic.com/firebasejs/releases.json 200
[debug] [2023-08-26T12:43:06.947Z] <<< [apiv2][body] GET https://www.gstatic.com/firebasejs/releases.json {"current":{"version":"10.3.0","browserURL":"https://www.gstatic.com/firebasejs/10.3.0/firebase.js","packageURL":"https://www.gstatic.com/firebasejs/10.3.0/firebase.tgz"},"live":{"version":"10.3","browserURL":"https://www.gstatic.com/firebasejs/live/10.3/firebase.js","packageURL":"https://www.gstatic.com/firebasejs/live/10.3/firebase.tgz"},"components":{"analytics":"https://www.gstatic.com/firebasejs/10.3.0/firebase-analytics.js","app":"https://www.gstatic.com/firebasejs/10.3.0/firebase-app.js","app-check":"https://www.gstatic.com/firebasejs/10.3.0/firebase-app-check.js","auth":"https://www.gstatic.com/firebasejs/10.3.0/firebase-auth.js","auth/cordova":"https://www.gstatic.com/firebasejs/10.3.0/firebase-auth/cordova.js","functions":"https://www.gstatic.com/firebasejs/10.3.0/firebase-functions.js","firestore":"https://www.gstatic.com/firebasejs/10.3.0/firebase-firestore.js","firestore/lite":"https://www.gstatic.com/firebasejs/10.3.0/firebase-firestore/lite.js","installations":"https://www.gstatic.com/firebasejs/10.3.0/firebase-installations.js","storage":"https://www.gstatic.com/firebasejs/10.3.0/firebase-storage.js","performance":"https://www.gstatic.com/firebasejs/10.3.0/firebase-performance.js","remote-config":"https://www.gstatic.com/firebasejs/10.3.0/firebase-remote-config.js","messaging":"https://www.gstatic.com/firebasejs/10.3.0/firebase-messaging.js","messaging/sw":"https://www.gstatic.com/firebasejs/10.3.0/firebase-messaging/sw.js","database":"https://www.gstatic.com/firebasejs/10.3.0/firebase-database.js","firestore.memory":"https://www.gstatic.com/firebasejs/10.3.0/firebase-firestore.memory.js"}}
[info] i  Skipping write of public/index.html 
[info] 
[info] i  Detected a .git folder at /Users/sudhirpawar/Documents/Projects/ShreyaEnterprise/shreay-react 
[info] i  Authorizing with GitHub to upload your service account to a GitHub repository's secrets store. 
[info] 
[info] Visit this URL on this device to log in:
[info] https://github.com/login/oauth/authorize?client_id=89cf50f02ac6aaed3484&state=41382933&redirect_uri=http%3A%2F%2Flocalhost%3A9005&scope=read%3Auser%20repo%20public_repo
[info] 
[info] Waiting for authentication...
[debug] [2023-08-26T12:43:32.392Z] >>> [apiv2][query] POST https://github.com/login/oauth/access_token [none]
[debug] [2023-08-26T12:43:32.392Z] >>> [apiv2][body] POST https://github.com/login/oauth/access_token [stream]
[debug] [2023-08-26T12:43:32.804Z] <<< [apiv2][status] POST https://github.com/login/oauth/access_token 200
[debug] [2023-08-26T12:43:32.804Z] <<< [apiv2][body] POST https://github.com/login/oauth/access_token {"access_token":"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","token_type":"bearer","scope":"read:user,repo"}
[debug] [2023-08-26T12:43:32.815Z] >>> [apiv2][query] GET https://api.github.com/user [none]
[debug] [2023-08-26T12:43:33.243Z] <<< [apiv2][status] GET https://api.github.com/user 200
[debug] [2023-08-26T12:43:33.243Z] <<< [apiv2][body] GET https://api.github.com/user {"login":"imsudhirpawar","id":82030192,"node_id":"MDQ6VXNlcjgyMDMwMTky","avatar_url":"https://avatars.githubusercontent.com/u/82030192?v=4","gravatar_id":"","url":"https://api.github.com/users/imsudhirpawar","html_url":"https://github.com/imsudhirpawar","followers_url":"https://api.github.com/users/imsudhirpawar/followers","following_url":"https://api.github.com/users/imsudhirpawar/following{/other_user}","gists_url":"https://api.github.com/users/imsudhirpawar/gists{/gist_id}","starred_url":"https://api.github.com/users/imsudhirpawar/starred{/owner}{/repo}","subscriptions_url":"https://api.github.com/users/imsudhirpawar/subscriptions","organizations_url":"https://api.github.com/users/imsudhirpawar/orgs","repos_url":"https://api.github.com/users/imsudhirpawar/repos","events_url":"https://api.github.com/users/imsudhirpawar/events{/privacy}","received_events_url":"https://api.github.com/users/imsudhirpawar/received_events","type":"User","site_admin":false,"name":"Sudhir Pawar","company":null,"blog":"","location":null,"email":null,"hireable":null,"bio":null,"twitter_username":null,"public_repos":17,"public_gists":0,"followers":4,"following":2,"created_at":"2021-04-06T10:21:01Z","updated_at":"2023-07-04T07:56:27Z","private_gists":0,"total_private_repos":6,"owned_private_repos":6,"disk_usage":413300,"collaborators":0,"two_factor_authentication":false,"plan":{"name":"free","space":976562499,"collaborators":0,"private_repos":10000}}
[info] 
[info] ✔  Success! Logged into GitHub as imsudhirpawar 
[info] 
